This file contains any messages produced by compilers while
running configure, to aid debugging if configure makes a mistake.

It was created by interp4cmds configure 1.0, which was
generated by GNU Autoconf 2.69.  Invocation command line was

  $ ./configure 

## --------- ##
## Platform. ##
## --------- ##

hostname = patryk-MS-7816
uname -m = x86_64
uname -r = 5.4.0-56-generic
uname -s = Linux
uname -v = #62~18.04.1-Ubuntu SMP Tue Nov 24 10:07:50 UTC 2020

/usr/bin/uname -p = unknown
/bin/uname -X     = unknown

/bin/arch              = unknown
/usr/bin/arch -k       = unknown
/usr/convex/getsysinfo = unknown
/usr/bin/hostinfo      = unknown
/bin/machine           = unknown
/usr/bin/oslevel       = unknown
/bin/universe          = unknown

PATH: /home/patryk/anaconda3/bin
PATH: /home/patryk/anaconda3/condabin
PATH: /home/patryk/.local/bin
PATH: /usr/local/sbin
PATH: /usr/local/bin
PATH: /usr/sbin
PATH: /usr/bin
PATH: /sbin
PATH: /bin
PATH: /usr/games
PATH: /usr/local/games
PATH: /snap/bin
PATH: /home/patryk/.dotnet/tools


## ----------- ##
## Core tests. ##
## ----------- ##

configure:2314: checking for a BSD-compatible install
configure:2382: result: /usr/bin/install -c
configure:2393: checking whether build environment is sane
configure:2448: result: yes
configure:2599: checking for a thread-safe mkdir -p
configure:2638: result: /bin/mkdir -p
configure:2645: checking for gawk
configure:2675: result: no
configure:2645: checking for mawk
configure:2661: found /usr/bin/mawk
configure:2672: result: mawk
configure:2683: checking whether make sets $(MAKE)
configure:2705: result: yes
configure:2734: checking whether make supports nested variables
configure:2751: result: yes
configure:2889: checking for style of include used by make
configure:2917: result: GNU
configure:2988: checking for gcc
configure:3004: found /usr/bin/gcc
configure:3015: result: gcc
configure:3244: checking for C compiler version
configure:3253: gcc --version >&5
gcc (Ubuntu 7.5.0-3ubuntu1~18.04) 7.5.0
Copyright (C) 2017 Free Software Foundation, Inc.
This is free software; see the source for copying conditions.  There is NO
warranty; not even for MERCHANTABILITY or FITNESS FOR A PARTICULAR PURPOSE.

configure:3264: $? = 0
configure:3253: gcc -v >&5
Using built-in specs.
COLLECT_GCC=gcc
COLLECT_LTO_WRAPPER=/usr/lib/gcc/x86_64-linux-gnu/7/lto-wrapper
OFFLOAD_TARGET_NAMES=nvptx-none
OFFLOAD_TARGET_DEFAULT=1
Target: x86_64-linux-gnu
Configured with: ../src/configure -v --with-pkgversion='Ubuntu 7.5.0-3ubuntu1~18.04' --with-bugurl=file:///usr/share/doc/gcc-7/README.Bugs --enable-languages=c,ada,c++,go,brig,d,fortran,objc,obj-c++ --prefix=/usr --with-gcc-major-version-only --program-suffix=-7 --program-prefix=x86_64-linux-gnu- --enable-shared --enable-linker-build-id --libexecdir=/usr/lib --without-included-gettext --enable-threads=posix --libdir=/usr/lib --enable-nls --enable-bootstrap --enable-clocale=gnu --enable-libstdcxx-debug --enable-libstdcxx-time=yes --with-default-libstdcxx-abi=new --enable-gnu-unique-object --disable-vtable-verify --enable-libmpx --enable-plugin --enable-default-pie --with-system-zlib --with-target-system-zlib --enable-objc-gc=auto --enable-multiarch --disable-werror --with-arch-32=i686 --with-abi=m64 --with-multilib-list=m32,m64,mx32 --enable-multilib --with-tune=generic --enable-offload-targets=nvptx-none --without-cuda-driver --enable-checking=release --build=x86_64-linux-gnu --host=x86_64-linux-gnu --target=x86_64-linux-gnu
Thread model: posix
gcc version 7.5.0 (Ubuntu 7.5.0-3ubuntu1~18.04) 
configure:3264: $? = 0
configure:3253: gcc -V >&5
gcc: error: unrecognized command line option '-V'
gcc: fatal error: no input files
compilation terminated.
configure:3264: $? = 1
configure:3253: gcc -qversion >&5
gcc: error: unrecognized command line option '-qversion'; did you mean '--version'?
gcc: fatal error: no input files
compilation terminated.
configure:3264: $? = 1
configure:3284: checking whether the C compiler works
configure:3306: gcc    conftest.c  >&5
configure:3310: $? = 0
configure:3358: result: yes
configure:3361: checking for C compiler default output file name
configure:3363: result: a.out
configure:3369: checking for suffix of executables
configure:3376: gcc -o conftest    conftest.c  >&5
configure:3380: $? = 0
configure:3402: result: 
configure:3424: checking whether we are cross compiling
configure:3432: gcc -o conftest    conftest.c  >&5
configure:3436: $? = 0
configure:3443: ./conftest
configure:3447: $? = 0
configure:3462: result: no
configure:3467: checking for suffix of object files
configure:3489: gcc -c   conftest.c >&5
configure:3493: $? = 0
configure:3514: result: o
configure:3518: checking whether we are using the GNU C compiler
configure:3537: gcc -c   conftest.c >&5
configure:3537: $? = 0
configure:3546: result: yes
configure:3555: checking whether gcc accepts -g
configure:3575: gcc -c -g  conftest.c >&5
configure:3575: $? = 0
configure:3616: result: yes
configure:3633: checking for gcc option to accept ISO C89
configure:3696: gcc  -c -g -O2  conftest.c >&5
configure:3696: $? = 0
configure:3709: result: none needed
configure:3734: checking whether gcc understands -c and -o together
configure:3756: gcc -c conftest.c -o conftest2.o
configure:3759: $? = 0
configure:3756: gcc -c conftest.c -o conftest2.o
configure:3759: $? = 0
configure:3771: result: yes
configure:3790: checking dependency style of gcc
configure:3901: result: gcc3
configure:3966: checking for ar
configure:3982: found /usr/bin/ar
configure:3993: result: ar
configure:4019: checking the archiver (ar) interface
configure:4035: gcc -c -g -O2  conftest.c >&5
configure:4035: $? = 0
configure:4037: ar cru libconftest.a conftest.o >&5
ar: `u' modifier ignored since `D' is the default (see `U')
configure:4040: $? = 0
configure:4068: result: ar
configure:4117: checking build system type
configure:4131: result: x86_64-pc-linux-gnu
configure:4151: checking host system type
configure:4164: result: x86_64-pc-linux-gnu
configure:4205: checking how to print strings
configure:4232: result: printf
configure:4253: checking for a sed that does not truncate output
configure:4317: result: /bin/sed
configure:4335: checking for grep that handles long lines and -e
configure:4393: result: /bin/grep
configure:4398: checking for egrep
configure:4460: result: /bin/grep -E
configure:4465: checking for fgrep
configure:4527: result: /bin/grep -F
configure:4562: checking for ld used by gcc
configure:4629: result: /usr/bin/ld
configure:4636: checking if the linker (/usr/bin/ld) is GNU ld
configure:4651: result: yes
configure:4663: checking for BSD- or MS-compatible name lister (nm)
configure:4717: result: /usr/bin/nm -B
configure:4847: checking the name lister (/usr/bin/nm -B) interface
configure:4854: gcc -c -g -O2  conftest.c >&5
configure:4857: /usr/bin/nm -B "conftest.o"
configure:4860: output
0000000000000000 B some_variable
configure:4867: result: BSD nm
configure:4870: checking whether ln -s works
configure:4874: result: yes
configure:4882: checking the maximum length of command line arguments
configure:5013: result: 1572864
configure:5061: checking how to convert x86_64-pc-linux-gnu file names to x86_64-pc-linux-gnu format
configure:5101: result: func_convert_file_noop
configure:5108: checking how to convert x86_64-pc-linux-gnu file names to toolchain format
configure:5128: result: func_convert_file_noop
configure:5135: checking for /usr/bin/ld option to reload object files
configure:5142: result: -r
configure:5216: checking for objdump
configure:5232: found /usr/bin/objdump
configure:5243: result: objdump
configure:5275: checking how to recognize dependent libraries
configure:5475: result: pass_all
configure:5560: checking for dlltool
configure:5590: result: no
configure:5620: checking how to associate runtime and link libraries
configure:5647: result: printf %s\n
configure:5771: checking for archiver @FILE support
configure:5788: gcc -c -g -O2  conftest.c >&5
configure:5788: $? = 0
configure:5791: ar cru libconftest.a @conftest.lst >&5
ar: `u' modifier ignored since `D' is the default (see `U')
configure:5794: $? = 0
configure:5799: ar cru libconftest.a @conftest.lst >&5
ar: `u' modifier ignored since `D' is the default (see `U')
ar: conftest.o: No such file or directory
configure:5802: $? = 1
configure:5814: result: @
configure:5872: checking for strip
configure:5888: found /usr/bin/strip
configure:5899: result: strip
configure:5971: checking for ranlib
configure:5987: found /usr/bin/ranlib
configure:5998: result: ranlib
configure:6100: checking command to parse /usr/bin/nm -B output from gcc object
configure:6253: gcc -c -g -O2  conftest.c >&5
configure:6256: $? = 0
configure:6260: /usr/bin/nm -B conftest.o \| sed -n -e 's/^.*[ ]\([ABCDGIRSTW][ABCDGIRSTW]*\)[ ][ ]*\([_A-Za-z][_A-Za-z0-9]*\)$/\1 \2 \2/p' | sed '/ __gnu_lto/d' \> conftest.nm
configure:6263: $? = 0
configure:6329: gcc -o conftest -g -O2   conftest.c conftstm.o >&5
configure:6332: $? = 0
configure:6370: result: ok
configure:6417: checking for sysroot
configure:6447: result: no
configure:6454: checking for a working dd
configure:6492: result: /bin/dd
configure:6496: checking how to truncate binary pipes
configure:6511: result: /bin/dd bs=4096 count=1
configure:6647: gcc -c -g -O2  conftest.c >&5
configure:6650: $? = 0
configure:6840: checking for mt
configure:6856: found /bin/mt
configure:6867: result: mt
configure:6890: checking if mt is a manifest tool
configure:6896: mt '-?'
configure:6904: result: no
configure:7581: checking how to run the C preprocessor
configure:7612: gcc -E  conftest.c
configure:7612: $? = 0
configure:7626: gcc -E  conftest.c
conftest.c:11:10: fatal error: ac_nonexistent.h: No such file or directory
 #include <ac_nonexistent.h>
          ^~~~~~~~~~~~~~~~~~
compilation terminated.
configure:7626: $? = 1
configure: failed program was:
| /* confdefs.h */
| #define PACKAGE_NAME "interp4cmds"
| #define PACKAGE_TARNAME "interp4cmds"
| #define PACKAGE_VERSION "1.0"
| #define PACKAGE_STRING "interp4cmds 1.0"
| #define PACKAGE_BUGREPORT "pat.szelewski@gmail.com"
| #define PACKAGE_URL ""
| #define PACKAGE "interp4cmds"
| #define VERSION "1.0"
| /* end confdefs.h.  */
| #include <ac_nonexistent.h>
configure:7651: result: gcc -E
configure:7671: gcc -E  conftest.c
configure:7671: $? = 0
configure:7685: gcc -E  conftest.c
conftest.c:11:10: fatal error: ac_nonexistent.h: No such file or directory
 #include <ac_nonexistent.h>
          ^~~~~~~~~~~~~~~~~~
compilation terminated.
configure:7685: $? = 1
configure: failed program was:
| /* confdefs.h */
| #define PACKAGE_NAME "interp4cmds"
| #define PACKAGE_TARNAME "interp4cmds"
| #define PACKAGE_VERSION "1.0"
| #define PACKAGE_STRING "interp4cmds 1.0"
| #define PACKAGE_BUGREPORT "pat.szelewski@gmail.com"
| #define PACKAGE_URL ""
| #define PACKAGE "interp4cmds"
| #define VERSION "1.0"
| /* end confdefs.h.  */
| #include <ac_nonexistent.h>
configure:7714: checking for ANSI C header files
configure:7734: gcc -c -g -O2  conftest.c >&5
configure:7734: $? = 0
configure:7807: gcc -o conftest -g -O2   conftest.c  >&5
configure:7807: $? = 0
configure:7807: ./conftest
configure:7807: $? = 0
configure:7818: result: yes
configure:7831: checking for sys/types.h
configure:7831: gcc -c -g -O2  conftest.c >&5
configure:7831: $? = 0
configure:7831: result: yes
configure:7831: checking for sys/stat.h
configure:7831: gcc -c -g -O2  conftest.c >&5
configure:7831: $? = 0
configure:7831: result: yes
configure:7831: checking for stdlib.h
configure:7831: gcc -c -g -O2  conftest.c >&5
configure:7831: $? = 0
configure:7831: result: yes
configure:7831: checking for string.h
configure:7831: gcc -c -g -O2  conftest.c >&5
configure:7831: $? = 0
configure:7831: result: yes
configure:7831: checking for memory.h
configure:7831: gcc -c -g -O2  conftest.c >&5
configure:7831: $? = 0
configure:7831: result: yes
configure:7831: checking for strings.h
configure:7831: gcc -c -g -O2  conftest.c >&5
configure:7831: $? = 0
configure:7831: result: yes
configure:7831: checking for inttypes.h
configure:7831: gcc -c -g -O2  conftest.c >&5
configure:7831: $? = 0
configure:7831: result: yes
configure:7831: checking for stdint.h
configure:7831: gcc -c -g -O2  conftest.c >&5
configure:7831: $? = 0
configure:7831: result: yes
configure:7831: checking for unistd.h
configure:7831: gcc -c -g -O2  conftest.c >&5
configure:7831: $? = 0
configure:7831: result: yes
configure:7845: checking for dlfcn.h
configure:7845: gcc -c -g -O2  conftest.c >&5
configure:7845: $? = 0
configure:7845: result: yes
configure:8101: checking for objdir
configure:8116: result: .libs
configure:8380: checking if gcc supports -fno-rtti -fno-exceptions
configure:8398: gcc -c -g -O2  -fno-rtti -fno-exceptions conftest.c >&5
cc1: warning: command line option '-fno-rtti' is valid for C++/ObjC++ but not for C
configure:8402: $? = 0
configure:8415: result: no
configure:8773: checking for gcc option to produce PIC
configure:8780: result: -fPIC -DPIC
configure:8788: checking if gcc PIC flag -fPIC -DPIC works
configure:8806: gcc -c -g -O2  -fPIC -DPIC -DPIC conftest.c >&5
configure:8810: $? = 0
configure:8823: result: yes
configure:8852: checking if gcc static flag -static works
configure:8880: result: yes
configure:8895: checking if gcc supports -c -o file.o
configure:8916: gcc -c -g -O2  -o out/conftest2.o conftest.c >&5
configure:8920: $? = 0
configure:8942: result: yes
configure:8950: checking if gcc supports -c -o file.o
configure:8997: result: yes
configure:9030: checking whether the gcc linker (/usr/bin/ld -m elf_x86_64) supports shared libraries
configure:10289: result: yes
configure:10326: checking whether -lc should be explicitly linked in
configure:10334: gcc -c -g -O2  conftest.c >&5
configure:10337: $? = 0
configure:10352: gcc -shared  -fPIC -DPIC conftest.o  -v -Wl,-soname -Wl,conftest -o conftest 2\>\&1 \| /bin/grep  -lc  \>/dev/null 2\>\&1
configure:10355: $? = 0
configure:10369: result: no
configure:10529: checking dynamic linker characteristics
configure:11110: gcc -o conftest -g -O2   -Wl,-rpath -Wl,/foo conftest.c  >&5
configure:11110: $? = 0
configure:11347: result: GNU/Linux ld.so
configure:11469: checking how to hardcode library paths into programs
configure:11494: result: immediate
configure:12042: checking whether stripping libraries is possible
configure:12047: result: yes
configure:12082: checking if libtool supports shared libraries
configure:12084: result: yes
configure:12087: checking whether to build shared libraries
configure:12112: result: yes
configure:12115: checking whether to build static libraries
configure:12119: result: yes
configure:12220: checking for g++
configure:12236: found /usr/bin/g++
configure:12247: result: g++
configure:12274: checking for C++ compiler version
configure:12283: g++ --version >&5
g++ (Ubuntu 7.5.0-3ubuntu1~18.04) 7.5.0
Copyright (C) 2017 Free Software Foundation, Inc.
This is free software; see the source for copying conditions.  There is NO
warranty; not even for MERCHANTABILITY or FITNESS FOR A PARTICULAR PURPOSE.

configure:12294: $? = 0
configure:12283: g++ -v >&5
Using built-in specs.
COLLECT_GCC=g++
COLLECT_LTO_WRAPPER=/usr/lib/gcc/x86_64-linux-gnu/7/lto-wrapper
OFFLOAD_TARGET_NAMES=nvptx-none
OFFLOAD_TARGET_DEFAULT=1
Target: x86_64-linux-gnu
Configured with: ../src/configure -v --with-pkgversion='Ubuntu 7.5.0-3ubuntu1~18.04' --with-bugurl=file:///usr/share/doc/gcc-7/README.Bugs --enable-languages=c,ada,c++,go,brig,d,fortran,objc,obj-c++ --prefix=/usr --with-gcc-major-version-only --program-suffix=-7 --program-prefix=x86_64-linux-gnu- --enable-shared --enable-linker-build-id --libexecdir=/usr/lib --without-included-gettext --enable-threads=posix --libdir=/usr/lib --enable-nls --enable-bootstrap --enable-clocale=gnu --enable-libstdcxx-debug --enable-libstdcxx-time=yes --with-default-libstdcxx-abi=new --enable-gnu-unique-object --disable-vtable-verify --enable-libmpx --enable-plugin --enable-default-pie --with-system-zlib --with-target-system-zlib --enable-objc-gc=auto --enable-multiarch --disable-werror --with-arch-32=i686 --with-abi=m64 --with-multilib-list=m32,m64,mx32 --enable-multilib --with-tune=generic --enable-offload-targets=nvptx-none --without-cuda-driver --enable-checking=release --build=x86_64-linux-gnu --host=x86_64-linux-gnu --target=x86_64-linux-gnu
Thread model: posix
gcc version 7.5.0 (Ubuntu 7.5.0-3ubuntu1~18.04) 
configure:12294: $? = 0
configure:12283: g++ -V >&5
g++: error: unrecognized command line option '-V'
g++: fatal error: no input files
compilation terminated.
configure:12294: $? = 1
configure:12283: g++ -qversion >&5
g++: error: unrecognized command line option '-qversion'; did you mean '--version'?
g++: fatal error: no input files
compilation terminated.
configure:12294: $? = 1
configure:12298: checking whether we are using the GNU C++ compiler
configure:12317: g++ -c   conftest.cpp >&5
configure:12317: $? = 0
configure:12326: result: yes
configure:12335: checking whether g++ accepts -g
configure:12355: g++ -c -g  conftest.cpp >&5
configure:12355: $? = 0
configure:12396: result: yes
configure:12421: checking dependency style of g++
configure:12532: result: gcc3
configure:12565: checking how to run the C++ preprocessor
configure:12592: g++ -E  conftest.cpp
configure:12592: $? = 0
configure:12606: g++ -E  conftest.cpp
conftest.cpp:23:10: fatal error: ac_nonexistent.h: No such file or directory
 #include <ac_nonexistent.h>
          ^~~~~~~~~~~~~~~~~~
compilation terminated.
configure:12606: $? = 1
configure: failed program was:
| /* confdefs.h */
| #define PACKAGE_NAME "interp4cmds"
| #define PACKAGE_TARNAME "interp4cmds"
| #define PACKAGE_VERSION "1.0"
| #define PACKAGE_STRING "interp4cmds 1.0"
| #define PACKAGE_BUGREPORT "pat.szelewski@gmail.com"
| #define PACKAGE_URL ""
| #define PACKAGE "interp4cmds"
| #define VERSION "1.0"
| #define STDC_HEADERS 1
| #define HAVE_SYS_TYPES_H 1
| #define HAVE_SYS_STAT_H 1
| #define HAVE_STDLIB_H 1
| #define HAVE_STRING_H 1
| #define HAVE_MEMORY_H 1
| #define HAVE_STRINGS_H 1
| #define HAVE_INTTYPES_H 1
| #define HAVE_STDINT_H 1
| #define HAVE_UNISTD_H 1
| #define HAVE_DLFCN_H 1
| #define LT_OBJDIR ".libs/"
| /* end confdefs.h.  */
| #include <ac_nonexistent.h>
configure:12631: result: g++ -E
configure:12651: g++ -E  conftest.cpp
configure:12651: $? = 0
configure:12665: g++ -E  conftest.cpp
conftest.cpp:23:10: fatal error: ac_nonexistent.h: No such file or directory
 #include <ac_nonexistent.h>
          ^~~~~~~~~~~~~~~~~~
compilation terminated.
configure:12665: $? = 1
configure: failed program was:
| /* confdefs.h */
| #define PACKAGE_NAME "interp4cmds"
| #define PACKAGE_TARNAME "interp4cmds"
| #define PACKAGE_VERSION "1.0"
| #define PACKAGE_STRING "interp4cmds 1.0"
| #define PACKAGE_BUGREPORT "pat.szelewski@gmail.com"
| #define PACKAGE_URL ""
| #define PACKAGE "interp4cmds"
| #define VERSION "1.0"
| #define STDC_HEADERS 1
| #define HAVE_SYS_TYPES_H 1
| #define HAVE_SYS_STAT_H 1
| #define HAVE_STDLIB_H 1
| #define HAVE_STRING_H 1
| #define HAVE_MEMORY_H 1
| #define HAVE_STRINGS_H 1
| #define HAVE_INTTYPES_H 1
| #define HAVE_STDINT_H 1
| #define HAVE_UNISTD_H 1
| #define HAVE_DLFCN_H 1
| #define LT_OBJDIR ".libs/"
| /* end confdefs.h.  */
| #include <ac_nonexistent.h>
configure:12827: checking for ld used by g++
configure:12894: result: /usr/bin/ld -m elf_x86_64
configure:12901: checking if the linker (/usr/bin/ld -m elf_x86_64) is GNU ld
configure:12916: result: yes
configure:12971: checking whether the g++ linker (/usr/bin/ld -m elf_x86_64) supports shared libraries
configure:14044: result: yes
configure:14080: g++ -c -g -O2  conftest.cpp >&5
configure:14083: $? = 0
configure:14564: checking for g++ option to produce PIC
configure:14571: result: -fPIC -DPIC
configure:14579: checking if g++ PIC flag -fPIC -DPIC works
configure:14597: g++ -c -g -O2  -fPIC -DPIC -DPIC conftest.cpp >&5
configure:14601: $? = 0
configure:14614: result: yes
configure:14637: checking if g++ static flag -static works
configure:14665: result: yes
configure:14677: checking if g++ supports -c -o file.o
configure:14698: g++ -c -g -O2  -o out/conftest2.o conftest.cpp >&5
configure:14702: $? = 0
configure:14724: result: yes
configure:14729: checking if g++ supports -c -o file.o
configure:14776: result: yes
configure:14806: checking whether the g++ linker (/usr/bin/ld -m elf_x86_64) supports shared libraries
configure:14846: result: yes
configure:14987: checking dynamic linker characteristics
configure:15732: result: GNU/Linux ld.so
configure:15797: checking how to hardcode library paths into programs
configure:15822: result: immediate
configure:15874: checking for _init in -lxerces-c
configure:15899: g++ -o conftest -g -O2   conftest.cpp -lxerces-c   >&5
configure:15899: $? = 0
configure:15908: result: yes
configure:15925: checking for library containing dlopen
configure:15956: g++ -o conftest -g -O2   conftest.cpp -lxerces-c  >&5
/tmp/ccNCZtow.o: In function `main':
/home/patryk/Studia/ZAMP/zad4/package-interp4cmds/conftest.cpp:35: undefined reference to `dlopen'
collect2: error: ld returned 1 exit status
configure:15956: $? = 1
configure: failed program was:
| /* confdefs.h */
| #define PACKAGE_NAME "interp4cmds"
| #define PACKAGE_TARNAME "interp4cmds"
| #define PACKAGE_VERSION "1.0"
| #define PACKAGE_STRING "interp4cmds 1.0"
| #define PACKAGE_BUGREPORT "pat.szelewski@gmail.com"
| #define PACKAGE_URL ""
| #define PACKAGE "interp4cmds"
| #define VERSION "1.0"
| #define STDC_HEADERS 1
| #define HAVE_SYS_TYPES_H 1
| #define HAVE_SYS_STAT_H 1
| #define HAVE_STDLIB_H 1
| #define HAVE_STRING_H 1
| #define HAVE_MEMORY_H 1
| #define HAVE_STRINGS_H 1
| #define HAVE_INTTYPES_H 1
| #define HAVE_STDINT_H 1
| #define HAVE_UNISTD_H 1
| #define HAVE_DLFCN_H 1
| #define LT_OBJDIR ".libs/"
| #define HAVE_LIBXERCES_C 1
| /* end confdefs.h.  */
| 
| /* Override any GCC internal prototype to avoid an error.
|    Use char because int might match the return type of a GCC
|    builtin and then its argument prototype would still apply.  */
| #ifdef __cplusplus
| extern "C"
| #endif
| char dlopen ();
| int
| main ()
| {
| return dlopen ();
|   ;
|   return 0;
| }
configure:15956: g++ -o conftest -g -O2   conftest.cpp -ldl  -lxerces-c  >&5
configure:15956: $? = 0
configure:15973: result: -ldl
configure:16100: checking that generated files are newer than configure
configure:16106: result: done
configure:16133: creating ./config.status

## ---------------------- ##
## Running config.status. ##
## ---------------------- ##

This file was extended by interp4cmds config.status 1.0, which was
generated by GNU Autoconf 2.69.  Invocation command line was

  CONFIG_FILES    = 
  CONFIG_HEADERS  = 
  CONFIG_LINKS    = 
  CONFIG_COMMANDS = 
  $ ./config.status 

on patryk-MS-7816

config.status:1153: creating Makefile
config.status:1153: creating src/Makefile
config.status:1153: creating inc/Makefile
config.status:1153: creating src-lib/Makefile
config.status:1153: creating dox/Makefile
config.status:1153: creating config.h
config.status:1334: config.h is unchanged
config.status:1382: executing depfiles commands
config.status:1382: executing libtool commands

## ---------------- ##
## Cache variables. ##
## ---------------- ##

ac_cv_build=x86_64-pc-linux-gnu
ac_cv_c_compiler_gnu=yes
ac_cv_cxx_compiler_gnu=yes
ac_cv_env_CCC_set=
ac_cv_env_CCC_value=
ac_cv_env_CC_set=
ac_cv_env_CC_value=
ac_cv_env_CFLAGS_set=
ac_cv_env_CFLAGS_value=
ac_cv_env_CPPFLAGS_set=
ac_cv_env_CPPFLAGS_value=
ac_cv_env_CPP_set=
ac_cv_env_CPP_value=
ac_cv_env_CXXCPP_set=
ac_cv_env_CXXCPP_value=
ac_cv_env_CXXFLAGS_set=
ac_cv_env_CXXFLAGS_value=
ac_cv_env_CXX_set=
ac_cv_env_CXX_value=
ac_cv_env_LDFLAGS_set=
ac_cv_env_LDFLAGS_value=
ac_cv_env_LIBS_set=
ac_cv_env_LIBS_value=
ac_cv_env_LT_SYS_LIBRARY_PATH_set=
ac_cv_env_LT_SYS_LIBRARY_PATH_value=
ac_cv_env_build_alias_set=
ac_cv_env_build_alias_value=
ac_cv_env_host_alias_set=
ac_cv_env_host_alias_value=
ac_cv_env_target_alias_set=
ac_cv_env_target_alias_value=
ac_cv_header_dlfcn_h=yes
ac_cv_header_inttypes_h=yes
ac_cv_header_memory_h=yes
ac_cv_header_stdc=yes
ac_cv_header_stdint_h=yes
ac_cv_header_stdlib_h=yes
ac_cv_header_string_h=yes
ac_cv_header_strings_h=yes
ac_cv_header_sys_stat_h=yes
ac_cv_header_sys_types_h=yes
ac_cv_header_unistd_h=yes
ac_cv_host=x86_64-pc-linux-gnu
ac_cv_lib_xerces_c__init=yes
ac_cv_objext=o
ac_cv_path_EGREP='/bin/grep -E'
ac_cv_path_FGREP='/bin/grep -F'
ac_cv_path_GREP=/bin/grep
ac_cv_path_SED=/bin/sed
ac_cv_path_install='/usr/bin/install -c'
ac_cv_path_lt_DD=/bin/dd
ac_cv_path_mkdir=/bin/mkdir
ac_cv_prog_AWK=mawk
ac_cv_prog_CPP='gcc -E'
ac_cv_prog_CXXCPP='g++ -E'
ac_cv_prog_ac_ct_AR=ar
ac_cv_prog_ac_ct_CC=gcc
ac_cv_prog_ac_ct_CXX=g++
ac_cv_prog_ac_ct_MANIFEST_TOOL=mt
ac_cv_prog_ac_ct_OBJDUMP=objdump
ac_cv_prog_ac_ct_RANLIB=ranlib
ac_cv_prog_ac_ct_STRIP=strip
ac_cv_prog_cc_c89=
ac_cv_prog_cc_g=yes
ac_cv_prog_cxx_g=yes
ac_cv_prog_make_make_set=yes
ac_cv_search_dlopen=-ldl
am_cv_CC_dependencies_compiler_type=gcc3
am_cv_CXX_dependencies_compiler_type=gcc3
am_cv_ar_interface=ar
am_cv_make_support_nested_variables=yes
am_cv_prog_cc_c_o=yes
lt_cv_ar_at_file=@
lt_cv_archive_cmds_need_lc=no
lt_cv_deplibs_check_method=pass_all
lt_cv_file_magic_cmd='$MAGIC_CMD'
lt_cv_file_magic_test_file=
lt_cv_ld_reload_flag=-r
lt_cv_nm_interface='BSD nm'
lt_cv_objdir=.libs
lt_cv_path_LD=/usr/bin/ld
lt_cv_path_LDCXX='/usr/bin/ld -m elf_x86_64'
lt_cv_path_NM='/usr/bin/nm -B'
lt_cv_path_mainfest_tool=no
lt_cv_prog_compiler_c_o=yes
lt_cv_prog_compiler_c_o_CXX=yes
lt_cv_prog_compiler_pic='-fPIC -DPIC'
lt_cv_prog_compiler_pic_CXX='-fPIC -DPIC'
lt_cv_prog_compiler_pic_works=yes
lt_cv_prog_compiler_pic_works_CXX=yes
lt_cv_prog_compiler_rtti_exceptions=no
lt_cv_prog_compiler_static_works=yes
lt_cv_prog_compiler_static_works_CXX=yes
lt_cv_prog_gnu_ld=yes
lt_cv_prog_gnu_ldcxx=yes
lt_cv_sharedlib_from_linklib_cmd='printf %s\n'
lt_cv_shlibpath_overrides_runpath=yes
lt_cv_sys_global_symbol_pipe='sed -n -e '\''s/^.*[	 ]\([ABCDGIRSTW][ABCDGIRSTW]*\)[	 ][	 ]*\([_A-Za-z][_A-Za-z0-9]*\)$/\1 \2 \2/p'\'' | sed '\''/ __gnu_lto/d'\'''
lt_cv_sys_global_symbol_to_c_name_address='sed -n -e '\''s/^: \(.*\) .*$/  {"\1", (void *) 0},/p'\'' -e '\''s/^[ABCDGIRSTW][ABCDGIRSTW]* .* \(.*\)$/  {"\1", (void *) \&\1},/p'\'''
lt_cv_sys_global_symbol_to_c_name_address_lib_prefix='sed -n -e '\''s/^: \(.*\) .*$/  {"\1", (void *) 0},/p'\'' -e '\''s/^[ABCDGIRSTW][ABCDGIRSTW]* .* \(lib.*\)$/  {"\1", (void *) \&\1},/p'\'' -e '\''s/^[ABCDGIRSTW][ABCDGIRSTW]* .* \(.*\)$/  {"lib\1", (void *) \&\1},/p'\'''
lt_cv_sys_global_symbol_to_cdecl='sed -n -e '\''s/^T .* \(.*\)$/extern int \1();/p'\'' -e '\''s/^[ABCDGIRSTW][ABCDGIRSTW]* .* \(.*\)$/extern char \1;/p'\'''
lt_cv_sys_global_symbol_to_import=
lt_cv_sys_max_cmd_len=1572864
lt_cv_to_host_file_cmd=func_convert_file_noop
lt_cv_to_tool_file_cmd=func_convert_file_noop
lt_cv_truncate_bin='/bin/dd bs=4096 count=1'

## ----------------- ##
## Output variables. ##
## ----------------- ##

ACLOCAL='${SHELL} /home/patryk/Studia/ZAMP/zad4/package-interp4cmds/missing aclocal-1.15'
AMDEPBACKSLASH='\'
AMDEP_FALSE='#'
AMDEP_TRUE=''
AMTAR='$${TAR-tar}'
AM_BACKSLASH='\'
AM_DEFAULT_V='$(AM_DEFAULT_VERBOSITY)'
AM_DEFAULT_VERBOSITY='1'
AM_V='$(V)'
AR='ar'
AUTOCONF='${SHELL} /home/patryk/Studia/ZAMP/zad4/package-interp4cmds/missing autoconf'
AUTOHEADER='${SHELL} /home/patryk/Studia/ZAMP/zad4/package-interp4cmds/missing autoheader'
AUTOMAKE='${SHELL} /home/patryk/Studia/ZAMP/zad4/package-interp4cmds/missing automake-1.15'
AWK='mawk'
CC='gcc'
CCDEPMODE='depmode=gcc3'
CFLAGS='-g -O2'
CPP='gcc -E'
CPPFLAGS=''
CXX='g++'
CXXCPP='g++ -E'
CXXDEPMODE='depmode=gcc3'
CXXFLAGS='-g -O2'
CYGPATH_W='echo'
DEFS='-DHAVE_CONFIG_H'
DEPDIR='.deps'
DLLTOOL='false'
DSYMUTIL=''
DUMPBIN=''
ECHO_C=''
ECHO_N='-n'
ECHO_T=''
EGREP='/bin/grep -E'
EXEEXT=''
FGREP='/bin/grep -F'
GREP='/bin/grep'
INSTALL_DATA='${INSTALL} -m 644'
INSTALL_PROGRAM='${INSTALL}'
INSTALL_SCRIPT='${INSTALL}'
INSTALL_STRIP_PROGRAM='$(install_sh) -c -s'
LD='/usr/bin/ld -m elf_x86_64'
LDFLAGS=''
LIBOBJS=''
LIBS='-lxerces-c '
LIBTOOL='$(SHELL) $(top_builddir)/libtool'
LIB_DLOPEN='-ldl'
LIPO=''
LN_S='ln -s'
LTLIBOBJS=''
LT_SYS_LIBRARY_PATH=''
MAKEINFO='${SHELL} /home/patryk/Studia/ZAMP/zad4/package-interp4cmds/missing makeinfo'
MANIFEST_TOOL=':'
MKDIR_P='/bin/mkdir -p'
NM='/usr/bin/nm -B'
NMEDIT=''
OBJDUMP='objdump'
OBJEXT='o'
OTOOL64=''
OTOOL=''
PACKAGE='interp4cmds'
PACKAGE_BUGREPORT='pat.szelewski@gmail.com'
PACKAGE_NAME='interp4cmds'
PACKAGE_STRING='interp4cmds 1.0'
PACKAGE_TARNAME='interp4cmds'
PACKAGE_URL=''
PACKAGE_VERSION='1.0'
PATH_SEPARATOR=':'
RANLIB='ranlib'
SED='/bin/sed'
SET_MAKE=''
SHELL='/bin/bash'
STRIP='strip'
VERSION='1.0'
ac_ct_AR='ar'
ac_ct_CC='gcc'
ac_ct_CXX='g++'
ac_ct_DUMPBIN=''
am__EXEEXT_FALSE=''
am__EXEEXT_TRUE='#'
am__fastdepCC_FALSE='#'
am__fastdepCC_TRUE=''
am__fastdepCXX_FALSE='#'
am__fastdepCXX_TRUE=''
am__include='include'
am__isrc=''
am__leading_dot='.'
am__nodep='_no'
am__quote=''
am__tar='$${TAR-tar} chof - "$$tardir"'
am__untar='$${TAR-tar} xf -'
bindir='${exec_prefix}/bin'
build='x86_64-pc-linux-gnu'
build_alias=''
build_cpu='x86_64'
build_os='linux-gnu'
build_vendor='pc'
datadir='${datarootdir}'
datarootdir='${prefix}/share'
docdir='${datarootdir}/doc/${PACKAGE_TARNAME}'
dvidir='${docdir}'
exec_prefix='${prefix}'
host='x86_64-pc-linux-gnu'
host_alias=''
host_cpu='x86_64'
host_os='linux-gnu'
host_vendor='pc'
htmldir='${docdir}'
includedir='${prefix}/include'
infodir='${datarootdir}/info'
install_sh='${SHELL} /home/patryk/Studia/ZAMP/zad4/package-interp4cmds/install-sh'
libdir='${exec_prefix}/lib'
libexecdir='${exec_prefix}/libexec'
localedir='${datarootdir}/locale'
localstatedir='${prefix}/var'
mandir='${datarootdir}/man'
mkdir_p='$(MKDIR_P)'
oldincludedir='/usr/include'
pdfdir='${docdir}'
prefix='/usr/local'
program_transform_name='s,x,x,'
psdir='${docdir}'
runstatedir='${localstatedir}/run'
sbindir='${exec_prefix}/sbin'
sharedstatedir='${prefix}/com'
sysconfdir='${prefix}/etc'
target_alias=''

## ----------- ##
## confdefs.h. ##
## ----------- ##

/* confdefs.h */
#define PACKAGE_NAME "interp4cmds"
#define PACKAGE_TARNAME "interp4cmds"
#define PACKAGE_VERSION "1.0"
#define PACKAGE_STRING "interp4cmds 1.0"
#define PACKAGE_BUGREPORT "pat.szelewski@gmail.com"
#define PACKAGE_URL ""
#define PACKAGE "interp4cmds"
#define VERSION "1.0"
#define STDC_HEADERS 1
#define HAVE_SYS_TYPES_H 1
#define HAVE_SYS_STAT_H 1
#define HAVE_STDLIB_H 1
#define HAVE_STRING_H 1
#define HAVE_MEMORY_H 1
#define HAVE_STRINGS_H 1
#define HAVE_INTTYPES_H 1
#define HAVE_STDINT_H 1
#define HAVE_UNISTD_H 1
#define HAVE_DLFCN_H 1
#define LT_OBJDIR ".libs/"
#define HAVE_LIBXERCES_C 1

configure: exit 0
